<?xml version="1.0" encoding="UTF-8"?>
<!-- Generated by org.testng.reporters.JUnitXMLReporter -->
<testsuite hostname="DESKTOP-A9DN365" ignored="0" name="Parameters Testing" tests="2" failures="0" timestamp="15 Mar 2021 02:31:46 GMT" time="0.044" errors="0">
  <testcase name="FillLoginForm" time="0.008" classname="com.SeleniumTopics.TestNg.TestngParamters"/>
  <testcase name="OpenBrowser" time="0.003" classname="com.SeleniumTopics.TestNg.TestngParamters"/>
</testsuite> <!-- Parameters Testing -->
