<?xml version="1.0" encoding="UTF-8"?>
<!-- Generated by org.testng.reporters.JUnitXMLReporter -->
<testsuite hostname="DESKTOP-A9DN365" ignored="2" name="Test2" tests="1" failures="0" timestamp="16 Mar 2021 13:55:09 GMT" time="0.005" errors="0">
  <testcase name="testMethodTwo" time="0.002" classname="com.SeleniumTopics.TestNg.TestngGroups"/>
  <testcase name="testMethodOne" time="0.0" classname="com.SeleniumTopics.TestNg.TestngGroups">
    <ignored/>
  </testcase> <!-- testMethodOne -->
  <testcase name="testMethodThree" time="0.0" classname="com.SeleniumTopics.TestNg.TestngGroups">
    <ignored/>
  </testcase> <!-- testMethodThree -->
</testsuite> <!-- Test2 -->
