<?xml version="1.0" encoding="UTF-8"?>
<!-- Generated by org.testng.reporters.JUnitXMLReporter -->
<testsuite hostname="DESKTOP-A9DN365" ignored="0" name="Test" tests="4" failures="0" timestamp="16 Mar 2021 13:53:07 GMT" time="0.218" errors="0">
  <testcase name="testMethodOne" time="0.024" classname="com.SeleniumTopics.TestNg.TestNgParallelClass1"/>
  <testcase name="testMethodOne" time="0.019" classname="com.SeleniumTopics.TestNg.TestNgParallelClass2"/>
  <testcase name="testMethodTwo" time="0.009" classname="com.SeleniumTopics.TestNg.TestNgParallelClass1"/>
  <testcase name="testMethodTwo" time="0.034" classname="com.SeleniumTopics.TestNg.TestNgParallelClass2"/>
</testsuite> <!-- Test -->
