<?xml version="1.0" encoding="UTF-8"?>
<!-- Generated by org.testng.reporters.JUnitXMLReporter -->
<testsuite hostname="DESKTOP-A9DN365" ignored="0" name="Test1" tests="3" failures="0" timestamp="16 Mar 2021 13:55:09 GMT" time="0.062" errors="0">
  <testcase name="testMethodOne" time="0.01" classname="com.SeleniumTopics.TestNg.TestngGroups"/>
  <testcase name="testMethodThree" time="0.003" classname="com.SeleniumTopics.TestNg.TestngGroups"/>
  <testcase name="testMethodTwo" time="0.002" classname="com.SeleniumTopics.TestNg.TestngGroups"/>
</testsuite> <!-- Test1 -->
