<?xml version="1.0" encoding="UTF-8"?>
<!-- Generated by org.testng.reporters.JUnitXMLReporter -->
<testsuite hostname="DESKTOP-A9DN365" ignored="1" name="GRP-test-group" tests="2" failures="0" timestamp="16 Mar 2021 11:54:41 GMT" time="0.056" errors="0">
  <testcase name="testMethodOne" time="0.02" classname="com.SeleniumTopics.TestNg.TestngGroups"/>
  <testcase name="testMethodThree" time="0.002" classname="com.SeleniumTopics.TestNg.TestngGroups"/>
  <testcase name="testMethodTwo" time="0.0" classname="com.SeleniumTopics.TestNg.TestngGroups">
    <ignored/>
  </testcase> <!-- testMethodTwo -->
</testsuite> <!-- GRP-test-group -->
