<?xml version="1.0" encoding="UTF-8"?>
<testng-results skipped="0" failed="0" ignored="2" total="6" passed="4">
  <reporter-output>
  </reporter-output>
  <suite name="Suite" duration-ms="98" started-at="2021-03-16T13:55:09Z" finished-at="2021-03-16T13:55:09Z">
    <groups>
      <group name="group-one">
        <method signature="TestngGroups.testMethodOne()[pri:0, instance:com.SeleniumTopics.TestNg.TestngGroups@52a86356]" name="testMethodOne" class="com.SeleniumTopics.TestNg.TestngGroups"/>
        <method signature="TestngGroups.testMethodThree()[pri:0, instance:com.SeleniumTopics.TestNg.TestngGroups@52a86356]" name="testMethodThree" class="com.SeleniumTopics.TestNg.TestngGroups"/>
        <method signature="TestngGroups.testMethodTwo()[pri:0, instance:com.SeleniumTopics.TestNg.TestngGroups@52a86356]" name="testMethodTwo" class="com.SeleniumTopics.TestNg.TestngGroups"/>
        <method signature="TestngGroups.testMethodTwo()[pri:0, instance:com.SeleniumTopics.TestNg.TestngGroups@7791a895]" name="testMethodTwo" class="com.SeleniumTopics.TestNg.TestngGroups"/>
      </group> <!-- group-one -->
      <group name="group-two">
        <method signature="TestngGroups.testMethodTwo()[pri:0, instance:com.SeleniumTopics.TestNg.TestngGroups@52a86356]" name="testMethodTwo" class="com.SeleniumTopics.TestNg.TestngGroups"/>
        <method signature="TestngGroups.testMethodTwo()[pri:0, instance:com.SeleniumTopics.TestNg.TestngGroups@7791a895]" name="testMethodTwo" class="com.SeleniumTopics.TestNg.TestngGroups"/>
      </group> <!-- group-two -->
    </groups>
    <test name="Test1" duration-ms="62" started-at="2021-03-16T13:55:09Z" finished-at="2021-03-16T13:55:09Z">
      <class name="com.SeleniumTopics.TestNg.TestngGroups">
        <test-method status="PASS" signature="testMethodOne()[pri:0, instance:com.SeleniumTopics.TestNg.TestngGroups@52a86356]" name="testMethodOne" duration-ms="10" started-at="2021-03-16T13:55:09Z" finished-at="2021-03-16T13:55:09Z">
          <reporter-output>
          </reporter-output>
        </test-method> <!-- testMethodOne -->
        <test-method status="PASS" signature="testMethodThree()[pri:0, instance:com.SeleniumTopics.TestNg.TestngGroups@52a86356]" name="testMethodThree" duration-ms="3" started-at="2021-03-16T13:55:09Z" finished-at="2021-03-16T13:55:09Z">
          <reporter-output>
          </reporter-output>
        </test-method> <!-- testMethodThree -->
        <test-method status="PASS" signature="testMethodTwo()[pri:0, instance:com.SeleniumTopics.TestNg.TestngGroups@52a86356]" name="testMethodTwo" duration-ms="2" started-at="2021-03-16T13:55:09Z" finished-at="2021-03-16T13:55:09Z">
          <reporter-output>
          </reporter-output>
        </test-method> <!-- testMethodTwo -->
      </class> <!-- com.SeleniumTopics.TestNg.TestngGroups -->
    </test> <!-- Test1 -->
    <test name="Test2" duration-ms="5" started-at="2021-03-16T13:55:09Z" finished-at="2021-03-16T13:55:09Z">
      <class name="com.SeleniumTopics.TestNg.TestngGroups">
        <test-method status="PASS" signature="testMethodTwo()[pri:0, instance:com.SeleniumTopics.TestNg.TestngGroups@7791a895]" name="testMethodTwo" duration-ms="2" started-at="2021-03-16T13:55:09Z" finished-at="2021-03-16T13:55:09Z">
          <reporter-output>
          </reporter-output>
        </test-method> <!-- testMethodTwo -->
      </class> <!-- com.SeleniumTopics.TestNg.TestngGroups -->
    </test> <!-- Test2 -->
  </suite> <!-- Suite -->
</testng-results>
